2 40bc74
0 febac8
2 40bc78
2 40bc7c
0 fff0
2 40bc80
2 40bc84
2 40bc88
2 40bc8c
2 40bc90
2 40bc94
0 122f8
2 40bc98
1 febac8 53c4803d
2 40bc9c
2 40bca0
2 40bca4
2 40bca8
2 40bcac
2 40bcb0
0 ffec
2 40bcb4
0 febac8
2 40bcb8
2 40bcbc
2 40bcc0
2 40bcc4
2 40bcc8
0 febad4
2 40bccc
0 febac4
2 40bcd0
2 40bcd4
2 40bcd8
0 12058
2 40bcdc
0 1205c
2 40bce0
2 40bce4
2 40bce8
1 11d00 52841107
2 40bcec
1 11d04 3833717e
2 40bcf0
0 febac8
2 40bcf4
2 40bcf8
0 fff0
2 40bcfc
2 40bd00
2 40bd04
2 40bd08
2 40bd0c
2 40bd10
0 122fc
2 40bd14
1 febac8 4df1d1c6
2 40bd18
2 40bd1c
2 40bd20
2 40bd24
2 40bbd4
2 40bbd8
0 ffec
2 40bbdc
0 febac8
2 40bbe0
2 40bbe4
2 40bbe8
2 40bbec
2 40bbf0
0 12060
2 40bbf4
0 12064
2 40bbf8
0 feba68
2 40bbfc
2 40bc00
1 febae0 75368c53
2 40bc04
2 40bc08
1 febae4 71329819
2 40bc1c
1 febac4 6ea2da51
2 40bc20
0 febac4
2 40bc24
0 feba64
2 40bc28
2 40bc2c
2 40bc30
2 40bc34
1 febac4 930125a
2 40bc38
0 feba88
2 40bc3c
0 febac4
2 40bc40
2 40bc44
2 40bc48
