2 40bc74
0 febac8
2 40bc78
2 40bc7c
0 fff0
2 40bc80
2 40bc84
2 40bc88
2 40bc8c
2 40bc90
2 40bc94
0 122f8
2 40bc98
1 febac8 3aa217d
2 40bc9c
2 40bca0
2 40bca4
2 40bca8
2 40bcac
2 40bcb0
0 ffec
2 40bcb4
0 febac8
2 40bcb8
2 40bcbc
2 40bcc0
2 40bcc4
2 40bcc8
0 febad4
2 40bccc
0 febac4
2 40bcd0
2 40bcd4
2 40bcd8
0 12058
2 40bcdc
0 1205c
2 40bce0
2 40bce4
2 40bce8
1 11d00 6b45178f
2 40bcec
1 11d04 7d4fc11b
2 40bcf0
0 febac8
2 40bcf4
2 40bcf8
0 fff0
2 40bcfc
2 40bd00
2 40bd04
2 40bd08
2 40bd0c
2 40bd10
0 122fc
2 40bd14
1 febac8 745b5fcb
2 40bd18
2 40bd1c
2 40bd20
2 40bd24
2 40bbd4
2 40bbd8
0 ffec
2 40bbdc
0 febac8
2 40bbe0
2 40bbe4
2 40bbe8
2 40bbec
2 40bbf0
0 12060
2 40bbf4
0 12064
2 40bbf8
0 feba68
2 40bbfc
2 40bc00
1 febae0 361d73d0
2 40bc04
2 40bc08
1 febae4 19304ee4
2 40bc1c
1 febac4 239a3597
2 40bc20
0 febac4
2 40bc24
0 feba64
2 40bc28
2 40bc2c
2 40bc30
2 40bc34
1 febac4 3f1b4bf0
2 40bc38
0 feba88
2 40bc3c
0 febac4
2 40bc40
2 40bc44
2 40bc48
2 40bc4c
2 40bc50
0 689c
2 40bc54
0 68a0
2 40bc58
0 febae0
2 40bc5c
0 febae4
2 40bc60
2 40bc64
2 40bc68
2 40bc6c
2 40bc70
0 febac4
2 40bc24
0 feba64
2 40bc28
2 40bc2c
2 40bc30
2 40bc34
1 febac4 14cc5fcc
2 40bc38
0 feba88
2 40bc3c
0 febac4
2 40bc40
2 40bc44
2 40bc48
2 40bc4c
2 40bc50
0 68a4
2 40bc54
0 68a8
2 40bc58
0 febae0
2 40bc5c
0 febae4
2 40bc60
2 40bc64
2 40bc68
2 40bc6c
2 40bc70
0 febac4
2 40bc24
0 feba64
2 40bc28
2 40bc2c
2 40bc30
2 40bc34
1 febac4 72fa50a0
2 40bc38
0 feba88
2 40bc3c
0 febac4
2 40bc40
2 40bc44
2 40bc48
2 40bc4c
2 40bc50
0 68ac
2 40bc54
0 68b0
2 40bc58
0 febae0
2 40bc5c
0 febae4
2 40bc60
2 40bc64
2 40bc68
2 40bc6c
2 40bc70
0 febac4
2 40bc24
0 feba64
2 40bc28
2 40bc2c
2 40bc30
2 40bc34
1 febac4 58f0067
2 40bc38
0 feba88
2 40bc3c
0 febac4
2 40bc40
2 40bc44
2 40bc48
2 40bc4c
2 40bc50
0 68b4
2 40bc54
0 68b8
2 40bc58
0 febae0
2 40bc5c
0 febae4
2 40bc60
2 40bc64
2 40bc68
2 40bc6c
2 40bc70
0 febac4
2 40bc24
0 feba64
2 40bc28
2 40bc2c
2 40bc30
2 40bc34
1 febac4 57a00d3c
2 40bc38
0 feba88
2 40bc3c
0 febac4
2 40bc40
2 40bc44
2 40bc48
2 40bc4c
2 40bc50
0 68bc
2 40bc54
0 68c0
2 40bc58
0 febae0
2 40bc5c
0 febae4
2 40bc60
2 40bc64
2 40bc68
2 40bc6c
2 40bc70
0 febac4
2 40bc24
0 feba64
2 40bc28
2 40bc2c
2 40bc30
2 40bc34
1 febac4 66b6e583
2 40bc38
0 feba88
2 40bc3c
0 febac4
2 40bc40
2 40bc44
2 40bc48
2 40bc4c
2 40bc50
0 68c4
2 40bc54
0 68c8
2 40bc58
0 febae0
2 40bc5c
0 febae4
2 40bc60
2 40bc64
2 40bc68
2 40bc6c
2 40bc70
0 febac4
2 40bc24
0 feba64
2 40bc28
2 40bc2c
2 40bc30
2 40bc34
1 febac4 7842a7b3
2 40bc38
0 feba88
2 40bc3c
0 febac4
2 40bc40
2 40bc44
2 40bc48
2 40bc4c
2 40bc50
0 68cc
2 40bc54
0 68d0
2 40bc58
0 febae0
2 40bc5c
0 febae4
2 40bc60
2 40bc64
2 40bc68
2 40bc6c
2 40bc70
0 febac4
2 40bc24
0 feba64
2 40bc28
2 40bc2c
2 40bc30
2 40bc34
1 febac4 46cb7215
2 40bc38
0 feba88
2 40bc3c
0 febac4
2 40bc40
2 40bc44
2 40bc48
2 40bc4c
2 40bc50
0 68d4
2 40bc54
0 68d8
2 40bc58
0 febae0
2 40bc5c
0 febae4
2 40bc60
2 40bc64
2 40bc68
2 40bc6c
2 40bc70
0 febac4
2 40bc24
0 feba64
2 40bc28
2 40bc2c
2 40bc30
2 40bc34
1 febac4 295ee47
2 40bc38
0 feba88
2 40bc3c
0 febac4
2 40bc40
2 40bc44
2 40bc48
2 40bc4c
2 40bc50
0 68dc
2 40bc54
0 68e0
2 40bc58
0 febae0
2 40bc5c
0 febae4
2 40bc60
2 40bc64
2 40bc68
2 40bc6c
2 40bc70
0 febac4
2 40bc24
0 feba64
2 40bc28
2 40bc2c
2 40bc30
2 40bc34
1 febac4 3dc1a69c
2 40bc38
0 feba88
2 40bc3c
0 febac4
2 40bc40
2 40bc44
2 40bc48
2 40bc4c
2 40bc50
0 68e4
2 40bc54
0 68e8
2 40bc58
0 febae0
2 40bc5c
0 febae4
2 40bc60
2 40bc64
2 40bc68
2 40bc6c
2 40bc70
0 febac4
2 40bc24
0 feba64
2 40bc28
2 40bc2c
2 40bc30
2 40bc34
1 febac4 25b3e7bb
2 40bc38
0 feba88
2 40bc3c
0 febac4
2 40bc40
2 40bc44
2 40bc48
2 40bc4c
2 40bc50
0 68ec
2 40bc54
0 68f0
2 40bc58
0 febae0
2 40bc5c
0 febae4
2 40bc60
2 40bc64
2 40bc68
2 40bc6c
2 40bc70
0 febac4
2 40bc24
0 feba64
2 40bc28
2 40bc2c
2 40bc30
2 40bc34
1 febac4 170ddc51
2 40bc38
0 feba88
2 40bc3c
0 febac4
2 40bc40
2 40bc44
2 40bc48
2 40bc4c
2 40bc50
0 68f4
2 40bc54
0 68f8
2 40bc58
0 febae0
2 40bc5c
0 febae4
2 40bc60
2 40bc64
2 40bc68
2 40bc6c
2 40bc70
0 febac4
2 40bc24
0 feba64
2 40bc28
2 40bc2c
2 40bc30
2 40bc34
1 febac4 251b8bb3
2 40bc38
0 feba88
2 40bc3c
0 febac4
2 40bc40
2 40bc44
2 40bc48
2 40bc4c
2 40bc50
0 68fc
2 40bc54
0 6900
2 40bc58
0 febae0
2 40bc5c
0 febae4
2 40bc60
2 40bc64
2 40bc68
2 40bc6c
2 40bc70
0 febac4
2 40bc24
0 feba64
2 40bc28
2 40bc2c
2 40bc30
2 40bc34
1 febac4 73df6228
2 40bc38
0 feba88
2 40bc3c
0 febac4
2 40bc40
2 40bc44
2 40bc48
2 40bc4c
2 40bc50
0 6904
2 40bc54
0 6908
2 40bc58
0 febae0
2 40bc5c
0 febae4
2 40bc60
2 40bc64
2 40bc68
2 40bc6c
2 40bc70
0 febac4
2 40bc24
0 feba64
2 40bc28
2 40bc2c
2 40bc30
2 40bc34
1 febac4 2587f2dd
2 40bc38
0 feba88
2 40bc3c
0 febac4
2 40bc40
2 40bc44
2 40bc48
2 40bc4c
2 40bc50
0 690c
2 40bc54
0 6910
2 40bc58
0 febae0
2 40bc5c
0 febae4
2 40bc60
2 40bc64
2 40bc68
2 40bc6c
2 40bc70
0 febac4
2 40bc24
0 feba64
2 40bc28
2 40bc2c
2 40bc30
2 40bc34
1 febac4 6f835a9f
2 40bc38
0 feba88
2 40bc3c
0 febac4
2 40bc40
2 40bc44
2 40bc48
2 40bc4c
2 40bc50
0 6914
2 40bc54
0 6918
2 40bc58
0 febae0
2 40bc5c
0 febae4
2 40bc60
2 40bc64
2 40bc68
2 40bc6c
2 40bc70
0 febac4
2 40bc24
0 feba64
2 40bc28
2 40bc2c
2 40bc30
2 40bc34
1 febac4 5c8dae47
2 40bc38
0 feba88
2 40bc3c
0 febac4
2 40bc40
2 40bc44
2 40bc48
2 40bc4c
2 40bc50
0 691c
2 40bc54
0 6920
2 40bc58
0 febae0
2 40bc5c
0 febae4
2 40bc60
2 40bc64
2 40bc68
2 40bc6c
2 40bc70
0 febac4
2 40bc24
0 feba64
2 40bc28
2 40bc2c
2 40bc30
2 40bc34
1 febac4 71a679b2
2 40bc38
0 feba88
2 40bc3c
0 febac4
2 40bc40
2 40bc44
2 40bc48
2 40bc4c
2 40bc50
0 6924
2 40bc54
0 6928
2 40bc58
0 febae0
2 40bc5c
0 febae4
2 40bc60
2 40bc64
2 40bc68
2 40bc6c
2 40bc70
0 febac4
2 40bc24
0 feba64
2 40bc28
2 40bc2c
2 40bc30
2 40bc34
1 febac4 4af5e993
2 40bc38
0 feba88
2 40bc3c
0 febac4
2 40bc40
2 40bc44
2 40bc48
2 40bc4c
2 40bc50
0 692c
2 40bc54
0 6930
2 40bc58
0 febae0
2 40bc5c
0 febae4
2 40bc60
2 40bc64
2 40bc68
2 40bc6c
2 40bc70
0 febac4
2 40bc24
0 feba64
2 40bc28
2 40bc2c
2 40bc30
2 40bc34
1 febac4 5885623b
2 40bc38
0 feba88
2 40bc3c
0 febac4
2 40bc40
2 40bc44
2 40bc48
2 40bc4c
2 40bc50
0 6934
2 40bc54
0 6938
2 40bc58
0 febae0
2 40bc5c
0 febae4
2 40bc60
2 40bc64
2 40bc68
2 40bc6c
2 40bc70
0 febac4
2 40bc24
0 feba64
2 40bc28
2 40bc2c
2 40bc30
2 40bc34
1 febac4 7621b136
2 40bc38
0 feba88
2 40bc3c
0 febac4
2 40bc40
2 40bc44
2 40bc48
2 40bc4c
2 40bc50
0 693c
2 40bc54
0 6940
2 40bc58
0 febae0
2 40bc5c
0 febae4
2 40bc60
2 40bc64
2 40bc68
2 40bc6c
2 40bc70
0 febac4
2 40bc24
0 feba64
2 40bc28
2 40bc2c
2 40bc30
2 40bc34
1 febac4 47660c89
2 40bc38
0 feba88
2 40bc3c
0 febac4
2 40bc40
2 40bc44
2 40bc48
2 40bc4c
2 40bc50
0 6944
2 40bc54
0 6948
2 40bc58
0 febae0
2 40bc5c
0 febae4
2 40bc60
2 40bc64
2 40bc68
2 40bc6c
2 40bc70
0 febac4
2 40bc24
0 feba64
2 40bc28
2 40bc2c
2 40bc30
2 40bc34
1 febac4 626320b
2 40bc38
0 feba88
2 40bc3c
0 febac4
2 40bc40
2 40bc44
2 40bc48
2 40bc4c
2 40bc50
0 694c
2 40bc54
0 6950
2 40bc58
0 febae0
2 40bc5c
0 febae4
2 40bc60
2 40bc64
2 40bc68
2 40bc6c
2 40bc70
0 febac4
2 40bc24
0 feba64
2 40bc28
2 40bc2c
2 40bc30
2 40bc34
1 febac4 14cba8b9
2 40bc38
0 feba88
2 40bc3c
0 febac4
2 40bc40
2 40bc44
2 40bc48
2 40bc4c
2 40bc50
0 6954
2 40bc54
0 6958
2 40bc58
0 febae0
2 40bc5c
0 febae4
2 40bc60
2 40bc64
2 40bc68
2 40bc6c
2 40bc70
0 febac4
2 40bc24
0 feba64
2 40bc28
2 40bc2c
2 40bc30
2 40bc34
1 febac4 4b102e07
2 40bc38
0 feba88
2 40bc3c
0 febac4
2 40bc40
2 40bc44
2 40bc48
2 40bc4c
2 40bc50
0 695c
2 40bc54
0 6960
2 40bc58
0 febae0
2 40bc5c
0 febae4
2 40bc60
2 40bc64
2 40bc68
2 40bc6c
2 40bc70
0 febac4
2 40bc24
0 feba64
2 40bc28
2 40bc2c
2 40bc30
2 40bc34
1 febac4 716b499a
2 40bc38
0 feba88
2 40bc3c
0 febac4
2 40bc40
2 40bc44
2 40bc48
2 40bc4c
2 40bc50
0 6964
2 40bc54
0 6968
2 40bc58
0 febae0
2 40bc5c
0 febae4
2 40bc60
2 40bc64
2 40bc68
2 40bc6c
2 40bc70
0 febac4
2 40bc24
0 feba64
2 40bc28
2 40bc2c
2 40bc30
2 40bc34
1 febac4 121b69d5
2 40bc38
0 feba88
2 40bc3c
0 febac4
2 40bc40
2 40bc44
2 40bc48
2 40bc4c
2 40bc50
0 696c
2 40bc54
0 6970
2 40bc58
0 febae0
2 40bc5c
0 febae4
2 40bc60
2 40bc64
2 40bc68
2 40bc6c
2 40bc70
0 febac4
2 40bc24
0 feba64
2 40bc28
2 40bc2c
2 40bc30
2 40bc34
1 febac4 3f6b8dd2
2 40bc38
0 feba88
2 40bc3c
0 febac4
2 40bc40
2 40bc44
2 40bc48
2 40bc4c
2 40bc50
0 6974
2 40bc54
0 6978
2 40bc58
0 febae0
2 40bc5c
0 febae4
2 40bc60
2 40bc64
2 40bc68
2 40bc6c
2 40bc70
0 febac4
2 40bc24
0 feba64
2 40bc28
2 40bc2c
2 40bc30
2 40bc34
1 febac4 2788bd6a
2 40bc38
0 feba88
2 40bc3c
0 febac4
2 40bc40
2 40bc44
2 40bc48
2 40bc4c
2 40bc50
0 697c
2 40bc54
0 6980
2 40bc58
0 febae0
2 40bc5c
0 febae4
2 40bc60
2 40bc64
2 40bc68
2 40bc6c
2 40bc70
0 febac4
2 40bc24
0 feba64
2 40bc28
2 40bc2c
2 40bc30
2 40bc34
1 febac4 2b4bb8b9
2 40bc38
0 feba88
2 40bc3c
0 febac4
2 40bc40
2 40bc44
2 40bc48
2 40bc4c
2 40bc50
0 6984
2 40bc54
0 6988
2 40bc58
0 febae0
2 40bc5c
0 febae4
2 40bc60
2 40bc64
2 40bc68
2 40bc6c
2 40bc70
0 febac4
2 40bc24
0 feba64
2 40bc28
2 40bc2c
2 40bc30
2 40bc34
1 febac4 6305c369
2 40bc38
0 feba88
2 40bc3c
0 febac4
2 40bc40
2 40bc44
2 40bc48
2 40bc4c
2 40bc50
0 698c
2 40bc54
0 6990
2 40bc58
0 febae0
2 40bc5c
0 febae4
2 40bc60
2 40bc64
2 40bc68
2 40bc6c
2 40bc70
0 febac4
2 40bc24
0 feba64
2 40bc28
2 40bc2c
2 40bc30
2 40bc34
1 febac4 66a4095b
2 40bc38
0 feba88
2 40bc3c
0 febac4
2 40bc40
2 40bc44
2 40bc48
2 40bc4c
